<?xml version="1.0" encoding="UTF-8"?>
<!-- Generated by org.testng.reporters.JUnitXMLReporter -->
<testsuite ignored="1" hostname="LAPTOP-USCOASC3" failures="1" tests="2" name="Account Page Tests" time="32.208" errors="0" timestamp="2026-04-05T12:48:15 IST">
  <testcase classname="com.qa.opencart.tests.AccountPageTest" name="VerifyaccountPageHeaders" time="0.209"/>
  <testcase classname="com.qa.opencart.tests.AccountPageTest" name="accountPageTitleTest" time="20.246">
    <failure type="java.lang.AssertionError" message="expected [My Account11] but found [null]">
      <![CDATA[java.lang.AssertionError: expected [My Account11] but found [null]
at com.qa.opencart.tests.AccountPageTest.accountPageTitleTest(AccountPageTest.java:29)
at java.base/java.util.ArrayList.forEach(ArrayList.java:1604)
at java.base/java.util.concurrent.FutureTask.run(FutureTask.java:328)
at java.base/java.util.concurrent.ThreadPoolExecutor.runWorker(ThreadPoolExecutor.java:1090)
at java.base/java.util.concurrent.ThreadPoolExecutor$Worker.run(ThreadPoolExecutor.java:614)
at java.base/java.lang.Thread.run(Thread.java:1474)
... Removed 21 stack frames]]>
    </failure>
  </testcase> <!-- accountPageTitleTest -->
  <testcase classname="com.qa.opencart.tests.AccountPageTest" name="accountPageUrlTest" time="0.0">
    <ignored/>
  </testcase> <!-- accountPageUrlTest -->
</testsuite> <!-- Account Page Tests -->
