<?xml version="1.0" encoding="UTF-8"?>
<!-- Generated by org.testng.reporters.JUnitXMLReporter -->
<testsuite ignored="0" hostname="LAPTOP-USCOASC3" failures="1" tests="4" name="Login Page Tests" time="41.724" errors="0" timestamp="2026-03-27T17:15:04 IST">
  <testcase classname="com.qa.opencart.tests.LoginPageTest" name="isForgotPasswordExistsTest" time="0.98"/>
  <testcase classname="com.qa.opencart.tests.LoginPageTest" name="loginPageTitleTest" time="0.24"/>
  <testcase classname="com.qa.opencart.tests.LoginPageTest" name="loginPageUrlTest" time="0.262"/>
  <testcase classname="com.qa.opencart.tests.LoginPageTest" name="loginTest" time="34.257">
    <failure type="java.lang.AssertionError" message="expected [My Account11] but found [null]">
      <![CDATA[java.lang.AssertionError: expected [My Account11] but found [null]
at com.qa.opencart.tests.LoginPageTest.loginTest(LoginPageTest.java:64)
at java.base/java.util.ArrayList.forEach(ArrayList.java:1604)
at java.base/java.util.concurrent.FutureTask.run(FutureTask.java:328)
at java.base/java.util.concurrent.ThreadPoolExecutor.runWorker(ThreadPoolExecutor.java:1090)
at java.base/java.util.concurrent.ThreadPoolExecutor$Worker.run(ThreadPoolExecutor.java:614)
at java.base/java.lang.Thread.run(Thread.java:1474)
... Removed 21 stack frames]]>
    </failure>
  </testcase> <!-- loginTest -->
</testsuite> <!-- Login Page Tests -->
