<?xml version="1.0" encoding="UTF-8"?>
<testsuite xmlns:xsi="http://www.w3.org/2001/XMLSchema-instance" xsi:noNamespaceSchemaLocation="https://maven.apache.org/surefire/maven-surefire-plugin/xsd/surefire-test-report.xsd" version="3.0.2" name="TestSuite" time="60.765" tests="19" errors="0" skipped="0" failures="2" flakes="0">
  <properties>
[...]
</properties>
  <testcase name="isForgotPasswordExistsTest" classname="com.qa.opencart.tests.LoginPageTest" time="1.283">
    <system-out><![CDATA[...
... TestNG 7.11.0 by Cédric Beust (cedric@beust.com)
...

I am in onStart method Product Page Tests
I am in onStart method Login Page Tests
I am in onStart method Search Page Tests
test suite is running in qa environment...
test suite is running in qa environment...
test suite is running in qa environment...
I am in onStart method Account Page Tests
test suite is running in qa environment...
chrome browser is launched
chrome browser is launched
Fireforx browser is launched
user credentials are shrobona5chowdhury@gmail.com and 1234567
I am in onTestStart method isForgotPasswordExistsTest start
Fireforx browser is launched
I am in onTestSuccess method isForgotPasswordExistsTest succeed
]]></system-out>
    <system-err><![CDATA[SLF4J(W): No SLF4J providers were found.
SLF4J(W): Defaulting to no-operation (NOP) logger implementation
SLF4J(W): See https://www.slf4j.org/codes.html#noProviders for further details.
log4j:WARN No appenders could be found for logger (freemarker.cache).
log4j:WARN Please initialize the log4j system properly.
Apr 05, 2026 12:47:43 PM org.openqa.selenium.remote.tracing.opentelemetry.OpenTelemetryTracer createTracer
INFO: Using OpenTelemetry for tracing
]]></system-err>
  </testcase>
  <testcase name="loginPageTitleTest" classname="com.qa.opencart.tests.LoginPageTest" time="0.13">
    <system-out><![CDATA[I am in onTestStart method loginPageTitleTest start
title of loginPage is--Account Login
I am in onTestSuccess method loginPageTitleTest succeed
]]></system-out>
  </testcase>
  <testcase name="loginPageUrlTest" classname="com.qa.opencart.tests.LoginPageTest" time="0.022">
    <system-out><![CDATA[I am in onTestStart method loginPageUrlTest start
url of the loginPage is--https://naveenautomationlabs.com/opencart/index.php?route=account/login
I am in onTestSuccess method loginPageUrlTest succeed
]]></system-out>
  </testcase>
  <testcase name="loginTest" classname="com.qa.opencart.tests.LoginPageTest" time="3.189">
    <failure message="expected [My Account11] but found [null]" type="java.lang.AssertionError"><![CDATA[java.lang.AssertionError: expected [My Account11] but found [null]
	at org.testng.Assert.fail(Assert.java:111)
	at org.testng.Assert.failNotEquals(Assert.java:1590)
	at org.testng.Assert.assertEqualsImpl(Assert.java:150)
	at org.testng.Assert.assertEquals(Assert.java:132)
	at org.testng.Assert.assertEquals(Assert.java:656)
	at org.testng.Assert.assertEquals(Assert.java:666)
	at com.qa.opencart.tests.LoginPageTest.loginTest(LoginPageTest.java:64)
	at java.base/jdk.internal.reflect.DirectMethodHandleAccessor.invoke(DirectMethodHandleAccessor.java:104)
	at java.base/java.lang.reflect.Method.invoke(Method.java:565)
	at org.testng.internal.invokers.MethodInvocationHelper.invokeMethod(MethodInvocationHelper.java:141)
	at org.testng.internal.invokers.TestInvoker.invokeMethod(TestInvoker.java:687)
	at org.testng.internal.invokers.TestInvoker.invokeTestMethod(TestInvoker.java:230)
	at org.testng.internal.invokers.MethodRunner.runInSequence(MethodRunner.java:63)
	at org.testng.internal.invokers.TestInvoker$MethodInvocationAgent.invoke(TestInvoker.java:995)
	at org.testng.internal.invokers.TestInvoker.invokeTestMethods(TestInvoker.java:203)
	at org.testng.internal.invokers.TestMethodWorker.invokeTestMethods(TestMethodWorker.java:154)
	at org.testng.internal.invokers.TestMethodWorker.run(TestMethodWorker.java:134)
	at java.base/java.util.ArrayList.forEach(ArrayList.java:1604)
	at org.testng.TestRunner.privateRun(TestRunner.java:741)
	at org.testng.TestRunner.run(TestRunner.java:616)
	at org.testng.SuiteRunner.runTest(SuiteRunner.java:421)
	at org.testng.SuiteRunner$SuiteWorker.run(SuiteRunner.java:463)
	at org.testng.internal.thread.ThreadUtil.lambda$execute$0(ThreadUtil.java:64)
	at java.base/java.util.concurrent.FutureTask.run(FutureTask.java:328)
	at java.base/java.util.concurrent.ThreadPoolExecutor.runWorker(ThreadPoolExecutor.java:1090)
	at java.base/java.util.concurrent.ThreadPoolExecutor$Worker.run(ThreadPoolExecutor.java:614)
	at java.base/java.lang.Thread.run(Thread.java:1474)
]]></failure>
    <system-out><![CDATA[I am in onTestStart method productImagesCountTest start
title of account page is null
I am in onTestFailure method loginTest failed
Screenshot captured for test case:loginTest
]]></system-out>
  </testcase>
  <testcase name="VerifyaccountPageHeaders" classname="com.qa.opencart.tests.AccountPageTest" time="0.214">
    <system-out><![CDATA[I am in onTestStart method loginTest start
user credentials are shrobona5chowdhury@gmail.com and 1234567
user credentials are shrobona5chowdhury@gmail.com and 1234567
I am in onTestStart method productDetailsTest start
I am in onTestStart method VerifyaccountPageHeaders start
actual header list is [My Account, My Orders, My Affiliate Account, Newsletter]
I am in onTestSuccess method VerifyaccountPageHeaders succeed
]]></system-out>
  </testcase>
  <testcase name="accountPageTitleTest" classname="com.qa.opencart.tests.AccountPageTest" time="2.97">
    <failure message="expected [My Account11] but found [null]" type="java.lang.AssertionError"><![CDATA[java.lang.AssertionError: expected [My Account11] but found [null]
	at org.testng.Assert.fail(Assert.java:111)
	at org.testng.Assert.failNotEquals(Assert.java:1590)
	at org.testng.Assert.assertEqualsImpl(Assert.java:150)
	at org.testng.Assert.assertEquals(Assert.java:132)
	at org.testng.Assert.assertEquals(Assert.java:656)
	at org.testng.Assert.assertEquals(Assert.java:666)
	at com.qa.opencart.tests.AccountPageTest.accountPageTitleTest(AccountPageTest.java:29)
	at java.base/jdk.internal.reflect.DirectMethodHandleAccessor.invoke(DirectMethodHandleAccessor.java:104)
	at java.base/java.lang.reflect.Method.invoke(Method.java:565)
	at org.testng.internal.invokers.MethodInvocationHelper.invokeMethod(MethodInvocationHelper.java:141)
	at org.testng.internal.invokers.TestInvoker.invokeMethod(TestInvoker.java:687)
	at org.testng.internal.invokers.TestInvoker.invokeTestMethod(TestInvoker.java:230)
	at org.testng.internal.invokers.MethodRunner.runInSequence(MethodRunner.java:63)
	at org.testng.internal.invokers.TestInvoker$MethodInvocationAgent.invoke(TestInvoker.java:995)
	at org.testng.internal.invokers.TestInvoker.invokeTestMethods(TestInvoker.java:203)
	at org.testng.internal.invokers.TestMethodWorker.invokeTestMethods(TestMethodWorker.java:154)
	at org.testng.internal.invokers.TestMethodWorker.run(TestMethodWorker.java:134)
	at java.base/java.util.ArrayList.forEach(ArrayList.java:1604)
	at org.testng.TestRunner.privateRun(TestRunner.java:741)
	at org.testng.TestRunner.run(TestRunner.java:616)
	at org.testng.SuiteRunner.runTest(SuiteRunner.java:421)
	at org.testng.SuiteRunner$SuiteWorker.run(SuiteRunner.java:463)
	at org.testng.internal.thread.ThreadUtil.lambda$execute$0(ThreadUtil.java:64)
	at java.base/java.util.concurrent.FutureTask.run(FutureTask.java:328)
	at java.base/java.util.concurrent.ThreadPoolExecutor.runWorker(ThreadPoolExecutor.java:1090)
	at java.base/java.util.concurrent.ThreadPoolExecutor$Worker.run(ThreadPoolExecutor.java:614)
	at java.base/java.lang.Thread.run(Thread.java:1474)
]]></failure>
    <system-out><![CDATA[I am in onTestStart method productHeaderTest start
title of account page is null
I am in onTestFailure method accountPageTitleTest failed
Screenshot captured for test case:accountPageTitleTest
]]></system-out>
  </testcase>
  <testcase name="searchTest1" classname="com.qa.opencart.tests.SearchTest" time="2.442">
    <system-out><![CDATA[I am in onTestStart method accountPageTitleTest start
I am in onTestStart method searchTest1 start
user credentials are shrobona5chowdhury@gmail.com and 1234567
total number of search products are 4
I am in onTestSuccess method searchTest1 succeed
]]></system-out>
  </testcase>
  <testcase name="searchTest2" classname="com.qa.opencart.tests.SearchTest" time="3.717">
    <system-out><![CDATA[I am in onTestStart method productHeaderTest start
clicked on search product Samsung Galaxy Tab 10.1
total number of search products are 0
I am in onTestSuccess method searchTest2 succeed
]]></system-out>
  </testcase>
  <testcase name="productDetailsTest" classname="com.qa.opencart.tests.ProductInfoPageTest" time="1.395">
    <system-out><![CDATA[I am in onTestStart method searchTest2 start
clicked on search product iMac
header of product is iMac
total images of the product is 3
full product details: {Brand=Apple, Availability=Out Of Stock, productHeader=iMac, productImagesCount=3, Product Code=Product 14, productPrice=$122.00, exTaxPrice=$100.00}
I am in onTestSuccess method productDetailsTest succeed
]]></system-out>
  </testcase>
  <testcase name="productHeaderTest[macbook, MacBook Pro](1)" classname="com.qa.opencart.tests.ProductInfoPageTest" time="4.531">
    <system-out><![CDATA[I am in onTestStart method productHeaderTest start
clicked on search product MacBook Pro
header of product is MacBook Pro
I am in onTestSuccess method productHeaderTest succeed
]]></system-out>
  </testcase>
  <testcase name="productHeaderTest[macbook, MacBook Air](2)" classname="com.qa.opencart.tests.ProductInfoPageTest" time="4.279">
    <system-out><![CDATA[I am in onTestStart method productHeaderTest start
clicked on search product MacBook Air
header of product is MacBook Air
I am in onTestSuccess method productHeaderTest succeed
]]></system-out>
  </testcase>
  <testcase name="productHeaderTest[imac, iMac](3)" classname="com.qa.opencart.tests.ProductInfoPageTest" time="4.449">
    <system-out><![CDATA[I am in onTestStart method productHeaderTest start
clicked on search product iMac
header of product is iMac
I am in onTestSuccess method productHeaderTest succeed
]]></system-out>
  </testcase>
  <testcase name="productHeaderTest[samsung, Samsung SyncMaster 941BW](4)" classname="com.qa.opencart.tests.ProductInfoPageTest" time="4.346">
    <system-out><![CDATA[clicked on search product Samsung SyncMaster 941BW
I am in onFinish method Account Page Tests
header of product is Samsung SyncMaster 941BW
I am in onTestSuccess method productHeaderTest succeed
]]></system-out>
  </testcase>
  <testcase name="productHeaderTest[samsung, Samsung Galaxy Tab 10.1](5)" classname="com.qa.opencart.tests.ProductInfoPageTest" time="4.187">
    <system-out><![CDATA[header of product is Samsung Galaxy Tab 10.1
I am in onTestSuccess method productHeaderTest succeed
]]></system-out>
  </testcase>
  <testcase name="productImagesCountTest[macbook, MacBook Pro, 4](1)" classname="com.qa.opencart.tests.ProductInfoPageTest" time="3.726">
    <system-out><![CDATA[2026-04-05T07:18:20.011275600Z TestNG-tests-1 ERROR Log4j API could not find a logging provider.
I am in onFinish method Search Page Tests
I am in onTestStart method productImagesCountTest start
clicked on search product MacBook Pro
total images of the product is 4
I am in onTestSuccess method productImagesCountTest succeed
]]></system-out>
  </testcase>
  <testcase name="productImagesCountTest[macbook, MacBook Air, 4](2)" classname="com.qa.opencart.tests.ProductInfoPageTest" time="3.725">
    <system-out><![CDATA[I am in onFinish method Login Page Tests
clicked on search product MacBook Air
total images of the product is 4
I am in onTestSuccess method productImagesCountTest succeed
]]></system-out>
  </testcase>
  <testcase name="productImagesCountTest[imac, iMac, 3](3)" classname="com.qa.opencart.tests.ProductInfoPageTest" time="3.998">
    <system-out><![CDATA[I am in onTestStart method productImagesCountTest start
clicked on search product iMac
total images of the product is 3
I am in onTestSuccess method productImagesCountTest succeed
]]></system-out>
  </testcase>
  <testcase name="productImagesCountTest[samsung, Samsung SyncMaster 941BW, 1](4)" classname="com.qa.opencart.tests.ProductInfoPageTest" time="3.768">
    <system-out><![CDATA[I am in onTestStart method productImagesCountTest start
clicked on search product Samsung SyncMaster 941BW
total images of the product is 1
I am in onTestSuccess method productImagesCountTest succeed
]]></system-out>
  </testcase>
  <testcase name="productImagesCountTest[samsung, Samsung Galaxy Tab 10.1, 7](5)" classname="com.qa.opencart.tests.ProductInfoPageTest" time="3.757">
    <system-out><![CDATA[I am in onTestStart method productImagesCountTest start
clicked on search product Samsung Galaxy Tab 10.1
total images of the product is 7
I am in onTestSuccess method productImagesCountTest succeed
]]></system-out>
  </testcase>
</testsuite>