<?xml version="1.0" encoding="UTF-8"?>
<testng-results ignored="1" total="20" passed="17" failed="2" skipped="0">
  <reporter-output>
  </reporter-output>
  <suite started-at="2026-03-27T17:14:22 IST" name="OpenCart Regression Suite" finished-at="2026-03-27T17:15:17 IST" duration-ms="55410">
    <groups>
    </groups>
    <test started-at="2026-03-27T17:14:22 IST" name="Account Page Tests" finished-at="2026-03-27T17:14:59 IST" duration-ms="36822">
      <class name="com.qa.opencart.tests.AccountPageTest">
        <test-method is-config="true" signature="Setup(java.lang.String)[pri:0, instance:com.qa.opencart.tests.AccountPageTest@3c7cfcbb]" started-at="2026-03-27T17:14:22 IST" name="Setup" finished-at="2026-03-27T17:14:31 IST" duration-ms="9219" status="PASS">
          <params>
            <param index="0">
              <value>
                <![CDATA[firefox]]>
              </value>
            </param>
          </params>
          <reporter-output>
          </reporter-output>
        </test-method> <!-- Setup -->
        <test-method is-config="true" signature="AccountPageSetup()[pri:0, instance:com.qa.opencart.tests.AccountPageTest@3c7cfcbb]" started-at="2026-03-27T17:14:31 IST" name="AccountPageSetup" finished-at="2026-03-27T17:14:36 IST" duration-ms="4322" status="PASS">
          <reporter-output>
          </reporter-output>
        </test-method> <!-- AccountPageSetup -->
        <test-method signature="VerifyaccountPageHeaders()[pri:0, instance:com.qa.opencart.tests.AccountPageTest@3c7cfcbb]" started-at="2026-03-27T17:14:36 IST" name="VerifyaccountPageHeaders" description="checking Account Page Headers" finished-at="2026-03-27T17:14:36 IST" duration-ms="223" status="PASS">
          <reporter-output>
          </reporter-output>
        </test-method> <!-- VerifyaccountPageHeaders -->
        <test-method is-config="true" signature="attachScreenshot(org.testng.ITestResult)[pri:0, instance:com.qa.opencart.tests.AccountPageTest@3c7cfcbb]" started-at="2026-03-27T17:14:36 IST" name="attachScreenshot" finished-at="2026-03-27T17:14:36 IST" duration-ms="0" status="PASS">
          <params>
            <param index="0">
              <value>
                <![CDATA[[TestResult name=VerifyaccountPageHeaders status=SUCCESS method=AccountPageTest.VerifyaccountPageHeaders()[pri:0, instance:com.qa.opencart.tests.AccountPageTest@3c7cfcbb] output={null}]]]>
              </value>
            </param>
          </params>
          <reporter-output>
          </reporter-output>
        </test-method> <!-- attachScreenshot -->
        <test-method signature="accountPageTitleTest()[pri:0, instance:com.qa.opencart.tests.AccountPageTest@3c7cfcbb]" started-at="2026-03-27T17:14:36 IST" name="accountPageTitleTest" description="Verifying Title of Account Page" finished-at="2026-03-27T17:14:57 IST" duration-ms="20559" status="FAIL">
          <exception class="java.lang.AssertionError">
            <message>
              <![CDATA[expected [My Account11] but found [null]]]>
            </message>
            <full-stacktrace>
              <![CDATA[java.lang.AssertionError: expected [My Account11] but found [null]
at org.testng.Assert.fail(Assert.java:111)
at org.testng.Assert.failNotEquals(Assert.java:1590)
at org.testng.Assert.assertEqualsImpl(Assert.java:150)
at org.testng.Assert.assertEquals(Assert.java:132)
at org.testng.Assert.assertEquals(Assert.java:656)
at org.testng.Assert.assertEquals(Assert.java:666)
at com.qa.opencart.tests.AccountPageTest.accountPageTitleTest(AccountPageTest.java:29)
at java.base/jdk.internal.reflect.DirectMethodHandleAccessor.invoke(DirectMethodHandleAccessor.java:104)
at java.base/java.lang.reflect.Method.invoke(Method.java:565)
at org.testng.internal.invokers.MethodInvocationHelper.invokeMethod(MethodInvocationHelper.java:141)
at org.testng.internal.invokers.TestInvoker.invokeMethod(TestInvoker.java:687)
at org.testng.internal.invokers.TestInvoker.invokeTestMethod(TestInvoker.java:230)
at org.testng.internal.invokers.MethodRunner.runInSequence(MethodRunner.java:63)
at org.testng.internal.invokers.TestInvoker$MethodInvocationAgent.invoke(TestInvoker.java:995)
at org.testng.internal.invokers.TestInvoker.invokeTestMethods(TestInvoker.java:203)
at org.testng.internal.invokers.TestMethodWorker.invokeTestMethods(TestMethodWorker.java:154)
at org.testng.internal.invokers.TestMethodWorker.run(TestMethodWorker.java:134)
at java.base/java.util.ArrayList.forEach(ArrayList.java:1604)
at org.testng.TestRunner.privateRun(TestRunner.java:741)
at org.testng.TestRunner.run(TestRunner.java:616)
at org.testng.SuiteRunner.runTest(SuiteRunner.java:421)
at org.testng.SuiteRunner$SuiteWorker.run(SuiteRunner.java:463)
at org.testng.internal.thread.ThreadUtil.lambda$execute$0(ThreadUtil.java:64)
at java.base/java.util.concurrent.FutureTask.run(FutureTask.java:328)
at java.base/java.util.concurrent.ThreadPoolExecutor.runWorker(ThreadPoolExecutor.java:1090)
at java.base/java.util.concurrent.ThreadPoolExecutor$Worker.run(ThreadPoolExecutor.java:614)
at java.base/java.lang.Thread.run(Thread.java:1474)
]]>
            </full-stacktrace>
          </exception> <!-- java.lang.AssertionError -->
          <reporter-output>
          </reporter-output>
        </test-method> <!-- accountPageTitleTest -->
        <test-method is-config="true" signature="attachScreenshot(org.testng.ITestResult)[pri:0, instance:com.qa.opencart.tests.AccountPageTest@3c7cfcbb]" started-at="2026-03-27T17:14:57 IST" name="attachScreenshot" finished-at="2026-03-27T17:14:57 IST" duration-ms="190" status="PASS">
          <params>
            <param index="0">
              <value>
                <![CDATA[[TestResult name=accountPageTitleTest status=FAILURE method=AccountPageTest.accountPageTitleTest()[pri:0, instance:com.qa.opencart.tests.AccountPageTest@3c7cfcbb] output={null}]]]>
              </value>
            </param>
          </params>
          <reporter-output>
          </reporter-output>
        </test-method> <!-- attachScreenshot -->
        <test-method is-config="true" signature="teardown()[pri:0, instance:com.qa.opencart.tests.AccountPageTest@3c7cfcbb]" started-at="2026-03-27T17:14:57 IST" name="teardown" finished-at="2026-03-27T17:14:59 IST" duration-ms="2082" status="PASS">
          <reporter-output>
          </reporter-output>
        </test-method> <!-- teardown -->
      </class> <!-- com.qa.opencart.tests.AccountPageTest -->
    </test> <!-- Account Page Tests -->
    <test started-at="2026-03-27T17:14:22 IST" name="Search Page Tests" finished-at="2026-03-27T17:15:01 IST" duration-ms="38537">
      <class name="com.qa.opencart.tests.SearchTest">
        <test-method is-config="true" signature="Setup(java.lang.String)[pri:0, instance:com.qa.opencart.tests.SearchTest@5cd61783]" started-at="2026-03-27T17:14:22 IST" name="Setup" finished-at="2026-03-27T17:14:29 IST" duration-ms="6625" status="PASS">
          <params>
            <param index="0">
              <value>
                <![CDATA[firefox]]>
              </value>
            </param>
          </params>
          <reporter-output>
          </reporter-output>
        </test-method> <!-- Setup -->
        <test-method is-config="true" signature="SearchSetup()[pri:0, instance:com.qa.opencart.tests.SearchTest@5cd61783]" started-at="2026-03-27T17:14:29 IST" name="SearchSetup" finished-at="2026-03-27T17:14:34 IST" duration-ms="5036" status="PASS">
          <reporter-output>
          </reporter-output>
        </test-method> <!-- SearchSetup -->
        <test-method signature="searchTest1()[pri:1, instance:com.qa.opencart.tests.SearchTest@5cd61783]" started-at="2026-03-27T17:14:34 IST" name="searchTest1" finished-at="2026-03-27T17:14:36 IST" duration-ms="2510" status="PASS">
          <reporter-output>
          </reporter-output>
        </test-method> <!-- searchTest1 -->
        <test-method is-config="true" signature="attachScreenshot(org.testng.ITestResult)[pri:0, instance:com.qa.opencart.tests.SearchTest@5cd61783]" started-at="2026-03-27T17:14:36 IST" name="attachScreenshot" finished-at="2026-03-27T17:14:36 IST" duration-ms="1" status="PASS">
          <params>
            <param index="0">
              <value>
                <![CDATA[[TestResult name=searchTest1 status=SUCCESS method=SearchTest.searchTest1()[pri:1, instance:com.qa.opencart.tests.SearchTest@5cd61783] output={null}]]]>
              </value>
            </param>
          </params>
          <reporter-output>
          </reporter-output>
        </test-method> <!-- attachScreenshot -->
        <test-method signature="searchTest2()[pri:2, instance:com.qa.opencart.tests.SearchTest@5cd61783]" started-at="2026-03-27T17:14:36 IST" name="searchTest2" finished-at="2026-03-27T17:14:59 IST" duration-ms="22283" status="PASS">
          <reporter-output>
          </reporter-output>
        </test-method> <!-- searchTest2 -->
        <test-method is-config="true" signature="attachScreenshot(org.testng.ITestResult)[pri:0, instance:com.qa.opencart.tests.SearchTest@5cd61783]" started-at="2026-03-27T17:14:59 IST" name="attachScreenshot" finished-at="2026-03-27T17:14:59 IST" duration-ms="1" status="PASS">
          <params>
            <param index="0">
              <value>
                <![CDATA[[TestResult name=searchTest2 status=SUCCESS method=SearchTest.searchTest2()[pri:2, instance:com.qa.opencart.tests.SearchTest@5cd61783] output={null}]]]>
              </value>
            </param>
          </params>
          <reporter-output>
          </reporter-output>
        </test-method> <!-- attachScreenshot -->
        <test-method is-config="true" signature="teardown()[pri:0, instance:com.qa.opencart.tests.SearchTest@5cd61783]" started-at="2026-03-27T17:14:59 IST" name="teardown" finished-at="2026-03-27T17:15:01 IST" duration-ms="2049" status="PASS">
          <reporter-output>
          </reporter-output>
        </test-method> <!-- teardown -->
      </class> <!-- com.qa.opencart.tests.SearchTest -->
    </test> <!-- Search Page Tests -->
    <test started-at="2026-03-27T17:14:22 IST" name="Login Page Tests" finished-at="2026-03-27T17:15:04 IST" duration-ms="41724">
      <class name="com.qa.opencart.tests.LoginPageTest">
        <test-method is-config="true" signature="Setup(java.lang.String)[pri:0, instance:com.qa.opencart.tests.LoginPageTest@5bdd5689]" started-at="2026-03-27T17:14:22 IST" name="Setup" finished-at="2026-03-27T17:14:27 IST" duration-ms="4795" status="PASS">
          <params>
            <param index="0">
              <value>
                <![CDATA[edge]]>
              </value>
            </param>
          </params>
          <reporter-output>
          </reporter-output>
        </test-method> <!-- Setup -->
        <test-method signature="isForgotPasswordExistsTest()[pri:0, instance:com.qa.opencart.tests.LoginPageTest@5bdd5689]" started-at="2026-03-27T17:14:27 IST" name="isForgotPasswordExistsTest" description="Checking if Forgot Password Link exists" finished-at="2026-03-27T17:14:28 IST" duration-ms="980" status="PASS">
          <reporter-output>
          </reporter-output>
        </test-method> <!-- isForgotPasswordExistsTest -->
        <test-method is-config="true" signature="attachScreenshot(org.testng.ITestResult)[pri:0, instance:com.qa.opencart.tests.LoginPageTest@5bdd5689]" started-at="2026-03-27T17:14:28 IST" name="attachScreenshot" finished-at="2026-03-27T17:14:28 IST" duration-ms="0" status="PASS">
          <params>
            <param index="0">
              <value>
                <![CDATA[[TestResult name=isForgotPasswordExistsTest status=SUCCESS method=LoginPageTest.isForgotPasswordExistsTest()[pri:0, instance:com.qa.opencart.tests.LoginPageTest@5bdd5689] output={null}]]]>
              </value>
            </param>
          </params>
          <reporter-output>
          </reporter-output>
        </test-method> <!-- attachScreenshot -->
        <test-method signature="loginPageTitleTest()[pri:0, instance:com.qa.opencart.tests.LoginPageTest@5bdd5689]" started-at="2026-03-27T17:14:28 IST" name="loginPageTitleTest" description="checking title of login page" finished-at="2026-03-27T17:14:28 IST" duration-ms="240" status="PASS">
          <reporter-output>
          </reporter-output>
        </test-method> <!-- loginPageTitleTest -->
        <test-method is-config="true" signature="attachScreenshot(org.testng.ITestResult)[pri:0, instance:com.qa.opencart.tests.LoginPageTest@5bdd5689]" started-at="2026-03-27T17:14:28 IST" name="attachScreenshot" finished-at="2026-03-27T17:14:28 IST" duration-ms="16" status="PASS">
          <params>
            <param index="0">
              <value>
                <![CDATA[[TestResult name=loginPageTitleTest status=SUCCESS method=LoginPageTest.loginPageTitleTest()[pri:0, instance:com.qa.opencart.tests.LoginPageTest@5bdd5689] output={null}]]]>
              </value>
            </param>
          </params>
          <reporter-output>
          </reporter-output>
        </test-method> <!-- attachScreenshot -->
        <test-method signature="loginPageUrlTest()[pri:0, instance:com.qa.opencart.tests.LoginPageTest@5bdd5689]" started-at="2026-03-27T17:14:29 IST" name="loginPageUrlTest" description="checking url of login page" finished-at="2026-03-27T17:14:29 IST" duration-ms="262" status="PASS">
          <reporter-output>
          </reporter-output>
        </test-method> <!-- loginPageUrlTest -->
        <test-method signature="loginTest()[pri:32767, instance:com.qa.opencart.tests.LoginPageTest@5bdd5689]" started-at="2026-03-27T17:14:29 IST" name="loginTest" description="checking if user is able to login" finished-at="2026-03-27T17:15:03 IST" duration-ms="34257" status="FAIL">
          <exception class="java.lang.AssertionError">
            <message>
              <![CDATA[expected [My Account11] but found [null]]]>
            </message>
            <full-stacktrace>
              <![CDATA[java.lang.AssertionError: expected [My Account11] but found [null]
at org.testng.Assert.fail(Assert.java:111)
at org.testng.Assert.failNotEquals(Assert.java:1590)
at org.testng.Assert.assertEqualsImpl(Assert.java:150)
at org.testng.Assert.assertEquals(Assert.java:132)
at org.testng.Assert.assertEquals(Assert.java:656)
at org.testng.Assert.assertEquals(Assert.java:666)
at com.qa.opencart.tests.LoginPageTest.loginTest(LoginPageTest.java:64)
at java.base/jdk.internal.reflect.DirectMethodHandleAccessor.invoke(DirectMethodHandleAccessor.java:104)
at java.base/java.lang.reflect.Method.invoke(Method.java:565)
at org.testng.internal.invokers.MethodInvocationHelper.invokeMethod(MethodInvocationHelper.java:141)
at org.testng.internal.invokers.TestInvoker.invokeMethod(TestInvoker.java:687)
at org.testng.internal.invokers.TestInvoker.invokeTestMethod(TestInvoker.java:230)
at org.testng.internal.invokers.MethodRunner.runInSequence(MethodRunner.java:63)
at org.testng.internal.invokers.TestInvoker$MethodInvocationAgent.invoke(TestInvoker.java:995)
at org.testng.internal.invokers.TestInvoker.invokeTestMethods(TestInvoker.java:203)
at org.testng.internal.invokers.TestMethodWorker.invokeTestMethods(TestMethodWorker.java:154)
at org.testng.internal.invokers.TestMethodWorker.run(TestMethodWorker.java:134)
at java.base/java.util.ArrayList.forEach(ArrayList.java:1604)
at org.testng.TestRunner.privateRun(TestRunner.java:741)
at org.testng.TestRunner.run(TestRunner.java:616)
at org.testng.SuiteRunner.runTest(SuiteRunner.java:421)
at org.testng.SuiteRunner$SuiteWorker.run(SuiteRunner.java:463)
at org.testng.internal.thread.ThreadUtil.lambda$execute$0(ThreadUtil.java:64)
at java.base/java.util.concurrent.FutureTask.run(FutureTask.java:328)
at java.base/java.util.concurrent.ThreadPoolExecutor.runWorker(ThreadPoolExecutor.java:1090)
at java.base/java.util.concurrent.ThreadPoolExecutor$Worker.run(ThreadPoolExecutor.java:614)
at java.base/java.lang.Thread.run(Thread.java:1474)
]]>
            </full-stacktrace>
          </exception> <!-- java.lang.AssertionError -->
          <reporter-output>
          </reporter-output>
        </test-method> <!-- loginTest -->
        <test-method is-config="true" signature="attachScreenshot(org.testng.ITestResult)[pri:0, instance:com.qa.opencart.tests.LoginPageTest@5bdd5689]" started-at="2026-03-27T17:14:29 IST" name="attachScreenshot" finished-at="2026-03-27T17:14:29 IST" duration-ms="0" status="PASS">
          <params>
            <param index="0">
              <value>
                <![CDATA[[TestResult name=loginPageUrlTest status=SUCCESS method=LoginPageTest.loginPageUrlTest()[pri:0, instance:com.qa.opencart.tests.LoginPageTest@5bdd5689] output={null}]]]>
              </value>
            </param>
          </params>
          <reporter-output>
          </reporter-output>
        </test-method> <!-- attachScreenshot -->
        <test-method is-config="true" signature="attachScreenshot(org.testng.ITestResult)[pri:0, instance:com.qa.opencart.tests.LoginPageTest@5bdd5689]" started-at="2026-03-27T17:15:03 IST" name="attachScreenshot" finished-at="2026-03-27T17:15:03 IST" duration-ms="166" status="PASS">
          <params>
            <param index="0">
              <value>
                <![CDATA[[TestResult name=loginTest status=FAILURE method=LoginPageTest.loginTest()[pri:32767, instance:com.qa.opencart.tests.LoginPageTest@5bdd5689] output={null}]]]>
              </value>
            </param>
          </params>
          <reporter-output>
          </reporter-output>
        </test-method> <!-- attachScreenshot -->
        <test-method is-config="true" signature="teardown()[pri:0, instance:com.qa.opencart.tests.LoginPageTest@5bdd5689]" started-at="2026-03-27T17:15:03 IST" name="teardown" finished-at="2026-03-27T17:15:04 IST" duration-ms="505" status="PASS">
          <reporter-output>
          </reporter-output>
        </test-method> <!-- teardown -->
      </class> <!-- com.qa.opencart.tests.LoginPageTest -->
    </test> <!-- Login Page Tests -->
    <test started-at="2026-03-27T17:14:22 IST" name="Product Page Tests" finished-at="2026-03-27T17:15:17 IST" duration-ms="55410">
      <class name="com.qa.opencart.tests.ProductInfoPageTest">
        <test-method is-config="true" signature="Setup(java.lang.String)[pri:0, instance:com.qa.opencart.tests.ProductInfoPageTest@31cb96e1]" started-at="2026-03-27T17:14:22 IST" name="Setup" finished-at="2026-03-27T17:14:25 IST" duration-ms="2776" status="PASS">
          <params>
            <param index="0">
              <value>
                <![CDATA[chrome]]>
              </value>
            </param>
          </params>
          <reporter-output>
          </reporter-output>
        </test-method> <!-- Setup -->
        <test-method is-config="true" signature="productInfoSetup()[pri:0, instance:com.qa.opencart.tests.ProductInfoPageTest@31cb96e1]" started-at="2026-03-27T17:14:25 IST" name="productInfoSetup" finished-at="2026-03-27T17:14:34 IST" duration-ms="9086" status="PASS">
          <reporter-output>
          </reporter-output>
        </test-method> <!-- productInfoSetup -->
        <test-method signature="productDetailsTest()[pri:0, instance:com.qa.opencart.tests.ProductInfoPageTest@31cb96e1]" started-at="2026-03-27T17:14:34 IST" name="productDetailsTest" finished-at="2026-03-27T17:14:40 IST" duration-ms="5587" status="PASS">
          <reporter-output>
          </reporter-output>
        </test-method> <!-- productDetailsTest -->
        <test-method is-config="true" signature="attachScreenshot(org.testng.ITestResult)[pri:0, instance:com.qa.opencart.tests.ProductInfoPageTest@31cb96e1]" started-at="2026-03-27T17:14:40 IST" name="attachScreenshot" finished-at="2026-03-27T17:14:40 IST" duration-ms="0" status="PASS">
          <params>
            <param index="0">
              <value>
                <![CDATA[[TestResult name=productDetailsTest status=SUCCESS method=ProductInfoPageTest.productDetailsTest()[pri:0, instance:com.qa.opencart.tests.ProductInfoPageTest@31cb96e1] output={null}]]]>
              </value>
            </param>
          </params>
          <reporter-output>
          </reporter-output>
        </test-method> <!-- attachScreenshot -->
        <test-method signature="productHeaderTest(java.lang.String,java.lang.String)[pri:0, instance:com.qa.opencart.tests.ProductInfoPageTest@31cb96e1]" started-at="2026-03-27T17:14:40 IST" name="productHeaderTest" data-provider="getProductTestData" finished-at="2026-03-27T17:14:44 IST" duration-ms="4256" status="PASS">
          <params>
            <param index="0">
              <value>
                <![CDATA[macbook]]>
              </value>
            </param>
            <param index="1">
              <value>
                <![CDATA[MacBook Pro]]>
              </value>
            </param>
          </params>
          <reporter-output>
          </reporter-output>
        </test-method> <!-- productHeaderTest -->
        <test-method is-config="true" signature="attachScreenshot(org.testng.ITestResult)[pri:0, instance:com.qa.opencart.tests.ProductInfoPageTest@31cb96e1]" started-at="2026-03-27T17:14:44 IST" name="attachScreenshot" finished-at="2026-03-27T17:14:44 IST" duration-ms="0" status="PASS">
          <params>
            <param index="0">
              <value>
                <![CDATA[[TestResult name=productHeaderTest status=SUCCESS method=ProductInfoPageTest.productHeaderTest(java.lang.String,java.lang.String)[pri:0, instance:com.qa.opencart.tests.ProductInfoPageTest@31cb96e1] output={null}]]]>
              </value>
            </param>
          </params>
          <reporter-output>
          </reporter-output>
        </test-method> <!-- attachScreenshot -->
        <test-method signature="productHeaderTest(java.lang.String,java.lang.String)[pri:0, instance:com.qa.opencart.tests.ProductInfoPageTest@31cb96e1]" started-at="2026-03-27T17:14:44 IST" name="productHeaderTest" data-provider="getProductTestData" finished-at="2026-03-27T17:14:48 IST" duration-ms="4214" status="PASS">
          <params>
            <param index="0">
              <value>
                <![CDATA[macbook]]>
              </value>
            </param>
            <param index="1">
              <value>
                <![CDATA[MacBook Air]]>
              </value>
            </param>
          </params>
          <reporter-output>
          </reporter-output>
        </test-method> <!-- productHeaderTest -->
        <test-method is-config="true" signature="attachScreenshot(org.testng.ITestResult)[pri:0, instance:com.qa.opencart.tests.ProductInfoPageTest@31cb96e1]" started-at="2026-03-27T17:14:48 IST" name="attachScreenshot" finished-at="2026-03-27T17:14:48 IST" duration-ms="1" status="PASS">
          <params>
            <param index="0">
              <value>
                <![CDATA[[TestResult name=productHeaderTest status=SUCCESS method=ProductInfoPageTest.productHeaderTest(java.lang.String,java.lang.String)[pri:0, instance:com.qa.opencart.tests.ProductInfoPageTest@31cb96e1] output={null}]]]>
              </value>
            </param>
          </params>
          <reporter-output>
          </reporter-output>
        </test-method> <!-- attachScreenshot -->
        <test-method signature="productHeaderTest(java.lang.String,java.lang.String)[pri:0, instance:com.qa.opencart.tests.ProductInfoPageTest@31cb96e1]" started-at="2026-03-27T17:14:48 IST" name="productHeaderTest" data-provider="getProductTestData" finished-at="2026-03-27T17:14:52 IST" duration-ms="3969" status="PASS">
          <params>
            <param index="0">
              <value>
                <![CDATA[imac]]>
              </value>
            </param>
            <param index="1">
              <value>
                <![CDATA[iMac]]>
              </value>
            </param>
          </params>
          <reporter-output>
          </reporter-output>
        </test-method> <!-- productHeaderTest -->
        <test-method signature="productHeaderTest(java.lang.String,java.lang.String)[pri:0, instance:com.qa.opencart.tests.ProductInfoPageTest@31cb96e1]" started-at="2026-03-27T17:14:52 IST" name="productHeaderTest" data-provider="getProductTestData" finished-at="2026-03-27T17:14:56 IST" duration-ms="4374" status="PASS">
          <params>
            <param index="0">
              <value>
                <![CDATA[samsung]]>
              </value>
            </param>
            <param index="1">
              <value>
                <![CDATA[Samsung SyncMaster 941BW]]>
              </value>
            </param>
          </params>
          <reporter-output>
          </reporter-output>
        </test-method> <!-- productHeaderTest -->
        <test-method is-config="true" signature="attachScreenshot(org.testng.ITestResult)[pri:0, instance:com.qa.opencart.tests.ProductInfoPageTest@31cb96e1]" started-at="2026-03-27T17:14:52 IST" name="attachScreenshot" finished-at="2026-03-27T17:14:52 IST" duration-ms="0" status="PASS">
          <params>
            <param index="0">
              <value>
                <![CDATA[[TestResult name=productHeaderTest status=SUCCESS method=ProductInfoPageTest.productHeaderTest(java.lang.String,java.lang.String)[pri:0, instance:com.qa.opencart.tests.ProductInfoPageTest@31cb96e1] output={null}]]]>
              </value>
            </param>
          </params>
          <reporter-output>
          </reporter-output>
        </test-method> <!-- attachScreenshot -->
        <test-method signature="productHeaderTest(java.lang.String,java.lang.String)[pri:0, instance:com.qa.opencart.tests.ProductInfoPageTest@31cb96e1]" started-at="2026-03-27T17:14:56 IST" name="productHeaderTest" data-provider="getProductTestData" finished-at="2026-03-27T17:15:01 IST" duration-ms="4212" status="PASS">
          <params>
            <param index="0">
              <value>
                <![CDATA[samsung]]>
              </value>
            </param>
            <param index="1">
              <value>
                <![CDATA[Samsung Galaxy Tab 10.1]]>
              </value>
            </param>
          </params>
          <reporter-output>
          </reporter-output>
        </test-method> <!-- productHeaderTest -->
        <test-method is-config="true" signature="attachScreenshot(org.testng.ITestResult)[pri:0, instance:com.qa.opencart.tests.ProductInfoPageTest@31cb96e1]" started-at="2026-03-27T17:14:56 IST" name="attachScreenshot" finished-at="2026-03-27T17:14:56 IST" duration-ms="0" status="PASS">
          <params>
            <param index="0">
              <value>
                <![CDATA[[TestResult name=productHeaderTest status=SUCCESS method=ProductInfoPageTest.productHeaderTest(java.lang.String,java.lang.String)[pri:0, instance:com.qa.opencart.tests.ProductInfoPageTest@31cb96e1] output={null}]]]>
              </value>
            </param>
          </params>
          <reporter-output>
          </reporter-output>
        </test-method> <!-- attachScreenshot -->
        <test-method is-config="true" signature="attachScreenshot(org.testng.ITestResult)[pri:0, instance:com.qa.opencart.tests.ProductInfoPageTest@31cb96e1]" started-at="2026-03-27T17:15:01 IST" name="attachScreenshot" finished-at="2026-03-27T17:15:01 IST" duration-ms="2" status="PASS">
          <params>
            <param index="0">
              <value>
                <![CDATA[[TestResult name=productHeaderTest status=SUCCESS method=ProductInfoPageTest.productHeaderTest(java.lang.String,java.lang.String)[pri:0, instance:com.qa.opencart.tests.ProductInfoPageTest@31cb96e1] output={null}]]]>
              </value>
            </param>
          </params>
          <reporter-output>
          </reporter-output>
        </test-method> <!-- attachScreenshot -->
        <test-method signature="productImagesCountTest(java.lang.String,java.lang.String,java.lang.String)[pri:0, instance:com.qa.opencart.tests.ProductInfoPageTest@31cb96e1]" started-at="2026-03-27T17:15:04 IST" name="productImagesCountTest" data-provider="getProductInfoData" finished-at="2026-03-27T17:15:07 IST" duration-ms="2918" status="PASS">
          <params>
            <param index="0">
              <value>
                <![CDATA[macbook]]>
              </value>
            </param>
            <param index="1">
              <value>
                <![CDATA[MacBook Pro]]>
              </value>
            </param>
            <param index="2">
              <value>
                <![CDATA[4]]>
              </value>
            </param>
          </params>
          <reporter-output>
          </reporter-output>
        </test-method> <!-- productImagesCountTest -->
        <test-method is-config="true" signature="attachScreenshot(org.testng.ITestResult)[pri:0, instance:com.qa.opencart.tests.ProductInfoPageTest@31cb96e1]" started-at="2026-03-27T17:15:07 IST" name="attachScreenshot" finished-at="2026-03-27T17:15:07 IST" duration-ms="1" status="PASS">
          <params>
            <param index="0">
              <value>
                <![CDATA[[TestResult name=productImagesCountTest status=SUCCESS method=ProductInfoPageTest.productImagesCountTest(java.lang.String,java.lang.String,java.lang.String)[pri:0, instance:com.qa.opencart.tests.ProductInfoPageTest@31cb96e1] output={null}]]]>
              </value>
            </param>
          </params>
          <reporter-output>
          </reporter-output>
        </test-method> <!-- attachScreenshot -->
        <test-method signature="productImagesCountTest(java.lang.String,java.lang.String,java.lang.String)[pri:0, instance:com.qa.opencart.tests.ProductInfoPageTest@31cb96e1]" started-at="2026-03-27T17:15:07 IST" name="productImagesCountTest" data-provider="getProductInfoData" finished-at="2026-03-27T17:15:09 IST" duration-ms="2734" status="PASS">
          <params>
            <param index="0">
              <value>
                <![CDATA[macbook]]>
              </value>
            </param>
            <param index="1">
              <value>
                <![CDATA[MacBook Air]]>
              </value>
            </param>
            <param index="2">
              <value>
                <![CDATA[4]]>
              </value>
            </param>
          </params>
          <reporter-output>
          </reporter-output>
        </test-method> <!-- productImagesCountTest -->
        <test-method is-config="true" signature="attachScreenshot(org.testng.ITestResult)[pri:0, instance:com.qa.opencart.tests.ProductInfoPageTest@31cb96e1]" started-at="2026-03-27T17:15:09 IST" name="attachScreenshot" finished-at="2026-03-27T17:15:09 IST" duration-ms="2" status="PASS">
          <params>
            <param index="0">
              <value>
                <![CDATA[[TestResult name=productImagesCountTest status=SUCCESS method=ProductInfoPageTest.productImagesCountTest(java.lang.String,java.lang.String,java.lang.String)[pri:0, instance:com.qa.opencart.tests.ProductInfoPageTest@31cb96e1] output={null}]]]>
              </value>
            </param>
          </params>
          <reporter-output>
          </reporter-output>
        </test-method> <!-- attachScreenshot -->
        <test-method signature="productImagesCountTest(java.lang.String,java.lang.String,java.lang.String)[pri:0, instance:com.qa.opencart.tests.ProductInfoPageTest@31cb96e1]" started-at="2026-03-27T17:15:09 IST" name="productImagesCountTest" data-provider="getProductInfoData" finished-at="2026-03-27T17:15:12 IST" duration-ms="2684" status="PASS">
          <params>
            <param index="0">
              <value>
                <![CDATA[imac]]>
              </value>
            </param>
            <param index="1">
              <value>
                <![CDATA[iMac]]>
              </value>
            </param>
            <param index="2">
              <value>
                <![CDATA[3]]>
              </value>
            </param>
          </params>
          <reporter-output>
          </reporter-output>
        </test-method> <!-- productImagesCountTest -->
        <test-method is-config="true" signature="attachScreenshot(org.testng.ITestResult)[pri:0, instance:com.qa.opencart.tests.ProductInfoPageTest@31cb96e1]" started-at="2026-03-27T17:15:12 IST" name="attachScreenshot" finished-at="2026-03-27T17:15:12 IST" duration-ms="0" status="PASS">
          <params>
            <param index="0">
              <value>
                <![CDATA[[TestResult name=productImagesCountTest status=SUCCESS method=ProductInfoPageTest.productImagesCountTest(java.lang.String,java.lang.String,java.lang.String)[pri:0, instance:com.qa.opencart.tests.ProductInfoPageTest@31cb96e1] output={null}]]]>
              </value>
            </param>
          </params>
          <reporter-output>
          </reporter-output>
        </test-method> <!-- attachScreenshot -->
        <test-method signature="productImagesCountTest(java.lang.String,java.lang.String,java.lang.String)[pri:0, instance:com.qa.opencart.tests.ProductInfoPageTest@31cb96e1]" started-at="2026-03-27T17:15:12 IST" name="productImagesCountTest" data-provider="getProductInfoData" finished-at="2026-03-27T17:15:15 IST" duration-ms="2726" status="PASS">
          <params>
            <param index="0">
              <value>
                <![CDATA[samsung]]>
              </value>
            </param>
            <param index="1">
              <value>
                <![CDATA[Samsung SyncMaster 941BW]]>
              </value>
            </param>
            <param index="2">
              <value>
                <![CDATA[1]]>
              </value>
            </param>
          </params>
          <reporter-output>
          </reporter-output>
        </test-method> <!-- productImagesCountTest -->
        <test-method is-config="true" signature="attachScreenshot(org.testng.ITestResult)[pri:0, instance:com.qa.opencart.tests.ProductInfoPageTest@31cb96e1]" started-at="2026-03-27T17:15:15 IST" name="attachScreenshot" finished-at="2026-03-27T17:15:15 IST" duration-ms="1" status="PASS">
          <params>
            <param index="0">
              <value>
                <![CDATA[[TestResult name=productImagesCountTest status=SUCCESS method=ProductInfoPageTest.productImagesCountTest(java.lang.String,java.lang.String,java.lang.String)[pri:0, instance:com.qa.opencart.tests.ProductInfoPageTest@31cb96e1] output={null}]]]>
              </value>
            </param>
          </params>
          <reporter-output>
          </reporter-output>
        </test-method> <!-- attachScreenshot -->
        <test-method signature="productImagesCountTest(java.lang.String,java.lang.String,java.lang.String)[pri:0, instance:com.qa.opencart.tests.ProductInfoPageTest@31cb96e1]" started-at="2026-03-27T17:15:15 IST" name="productImagesCountTest" data-provider="getProductInfoData" finished-at="2026-03-27T17:15:17 IST" duration-ms="2603" status="PASS">
          <params>
            <param index="0">
              <value>
                <![CDATA[samsung]]>
              </value>
            </param>
            <param index="1">
              <value>
                <![CDATA[Samsung Galaxy Tab 10.1]]>
              </value>
            </param>
            <param index="2">
              <value>
                <![CDATA[7]]>
              </value>
            </param>
          </params>
          <reporter-output>
          </reporter-output>
        </test-method> <!-- productImagesCountTest -->
        <test-method is-config="true" signature="attachScreenshot(org.testng.ITestResult)[pri:0, instance:com.qa.opencart.tests.ProductInfoPageTest@31cb96e1]" started-at="2026-03-27T17:15:17 IST" name="attachScreenshot" finished-at="2026-03-27T17:15:17 IST" duration-ms="1" status="PASS">
          <params>
            <param index="0">
              <value>
                <![CDATA[[TestResult name=productImagesCountTest status=SUCCESS method=ProductInfoPageTest.productImagesCountTest(java.lang.String,java.lang.String,java.lang.String)[pri:0, instance:com.qa.opencart.tests.ProductInfoPageTest@31cb96e1] output={null}]]]>
              </value>
            </param>
          </params>
          <reporter-output>
          </reporter-output>
        </test-method> <!-- attachScreenshot -->
        <test-method is-config="true" signature="teardown()[pri:0, instance:com.qa.opencart.tests.ProductInfoPageTest@31cb96e1]" started-at="2026-03-27T17:15:17 IST" name="teardown" finished-at="2026-03-27T17:15:17 IST" duration-ms="151" status="PASS">
          <reporter-output>
          </reporter-output>
        </test-method> <!-- teardown -->
      </class> <!-- com.qa.opencart.tests.ProductInfoPageTest -->
    </test> <!-- Product Page Tests -->
  </suite> <!-- OpenCart Regression Suite -->
</testng-results>
