<?xml version="1.0" encoding="UTF-8"?>
<testng-results ignored="1" total="20" passed="19" failed="0" skipped="0">
  <reporter-output>
  </reporter-output>
  <suite started-at="2026-04-05T12:23:50 IST" name="OpenCart Regression Suite" finished-at="2026-04-05T12:24:51 IST" duration-ms="60874">
    <groups>
    </groups>
    <test started-at="2026-04-05T12:23:50 IST" name="Account Page Tests" finished-at="2026-04-05T12:24:04 IST" duration-ms="14332">
      <class name="com.qa.opencart.tests.AccountPageTest">
        <test-method is-config="true" signature="Setup(java.lang.String)[pri:0, instance:com.qa.opencart.tests.AccountPageTest@6bedd4e4]" started-at="2026-04-05T12:23:50 IST" name="Setup" finished-at="2026-04-05T12:23:59 IST" duration-ms="8097" status="PASS">
          <params>
            <param index="0">
              <value>
                <![CDATA[firefox]]>
              </value>
            </param>
          </params>
          <reporter-output>
          </reporter-output>
        </test-method> <!-- Setup -->
        <test-method is-config="true" signature="AccountPageSetup()[pri:0, instance:com.qa.opencart.tests.AccountPageTest@6bedd4e4]" started-at="2026-04-05T12:23:59 IST" name="AccountPageSetup" finished-at="2026-04-05T12:24:03 IST" duration-ms="4201" status="PASS">
          <reporter-output>
          </reporter-output>
        </test-method> <!-- AccountPageSetup -->
        <test-method signature="VerifyaccountPageHeaders()[pri:0, instance:com.qa.opencart.tests.AccountPageTest@6bedd4e4]" started-at="2026-04-05T12:24:03 IST" name="VerifyaccountPageHeaders" description="checking Account Page Headers" finished-at="2026-04-05T12:24:03 IST" duration-ms="259" status="PASS">
          <reporter-output>
          </reporter-output>
        </test-method> <!-- VerifyaccountPageHeaders -->
        <test-method is-config="true" signature="attachScreenshot(org.testng.ITestResult)[pri:0, instance:com.qa.opencart.tests.AccountPageTest@6bedd4e4]" started-at="2026-04-05T12:24:03 IST" name="attachScreenshot" finished-at="2026-04-05T12:24:03 IST" duration-ms="2" status="PASS">
          <params>
            <param index="0">
              <value>
                <![CDATA[[TestResult name=VerifyaccountPageHeaders status=SUCCESS method=AccountPageTest.VerifyaccountPageHeaders()[pri:0, instance:com.qa.opencart.tests.AccountPageTest@6bedd4e4] output={null}]]]>
              </value>
            </param>
          </params>
          <reporter-output>
          </reporter-output>
        </test-method> <!-- attachScreenshot -->
        <test-method signature="accountPageTitleTest()[pri:0, instance:com.qa.opencart.tests.AccountPageTest@6bedd4e4]" started-at="2026-04-05T12:24:03 IST" name="accountPageTitleTest" description="Verifying Title of Account Page" finished-at="2026-04-05T12:24:03 IST" duration-ms="54" status="PASS">
          <reporter-output>
          </reporter-output>
        </test-method> <!-- accountPageTitleTest -->
        <test-method is-config="true" signature="attachScreenshot(org.testng.ITestResult)[pri:0, instance:com.qa.opencart.tests.AccountPageTest@6bedd4e4]" started-at="2026-04-05T12:24:03 IST" name="attachScreenshot" finished-at="2026-04-05T12:24:03 IST" duration-ms="1" status="PASS">
          <params>
            <param index="0">
              <value>
                <![CDATA[[TestResult name=accountPageTitleTest status=SUCCESS method=AccountPageTest.accountPageTitleTest()[pri:0, instance:com.qa.opencart.tests.AccountPageTest@6bedd4e4] output={null}]]]>
              </value>
            </param>
          </params>
          <reporter-output>
          </reporter-output>
        </test-method> <!-- attachScreenshot -->
        <test-method is-config="true" signature="teardown()[pri:0, instance:com.qa.opencart.tests.AccountPageTest@6bedd4e4]" started-at="2026-04-05T12:24:03 IST" name="teardown" finished-at="2026-04-05T12:24:04 IST" duration-ms="1021" status="PASS">
          <reporter-output>
          </reporter-output>
        </test-method> <!-- teardown -->
      </class> <!-- com.qa.opencart.tests.AccountPageTest -->
    </test> <!-- Account Page Tests -->
    <test started-at="2026-04-05T12:23:50 IST" name="Login Page Tests" finished-at="2026-04-05T12:24:13 IST" duration-ms="23579">
      <class name="com.qa.opencart.tests.LoginPageTest">
        <test-method is-config="true" signature="Setup(java.lang.String)[pri:0, instance:com.qa.opencart.tests.LoginPageTest@65e22def]" started-at="2026-04-05T12:23:50 IST" name="Setup" finished-at="2026-04-05T12:23:57 IST" duration-ms="7123" status="PASS">
          <params>
            <param index="0">
              <value>
                <![CDATA[chrome]]>
              </value>
            </param>
          </params>
          <reporter-output>
          </reporter-output>
        </test-method> <!-- Setup -->
        <test-method signature="isForgotPasswordExistsTest()[pri:0, instance:com.qa.opencart.tests.LoginPageTest@65e22def]" started-at="2026-04-05T12:23:57 IST" name="isForgotPasswordExistsTest" description="Checking if Forgot Password Link exists" finished-at="2026-04-05T12:23:58 IST" duration-ms="1167" status="PASS">
          <reporter-output>
          </reporter-output>
        </test-method> <!-- isForgotPasswordExistsTest -->
        <test-method is-config="true" signature="attachScreenshot(org.testng.ITestResult)[pri:0, instance:com.qa.opencart.tests.LoginPageTest@65e22def]" started-at="2026-04-05T12:23:58 IST" name="attachScreenshot" finished-at="2026-04-05T12:23:58 IST" duration-ms="3" status="PASS">
          <params>
            <param index="0">
              <value>
                <![CDATA[[TestResult name=isForgotPasswordExistsTest status=SUCCESS method=LoginPageTest.isForgotPasswordExistsTest()[pri:0, instance:com.qa.opencart.tests.LoginPageTest@65e22def] output={null}]]]>
              </value>
            </param>
          </params>
          <reporter-output>
          </reporter-output>
        </test-method> <!-- attachScreenshot -->
        <test-method signature="loginPageTitleTest()[pri:0, instance:com.qa.opencart.tests.LoginPageTest@65e22def]" started-at="2026-04-05T12:23:58 IST" name="loginPageTitleTest" description="checking title of login page" finished-at="2026-04-05T12:23:58 IST" duration-ms="82" status="PASS">
          <reporter-output>
          </reporter-output>
        </test-method> <!-- loginPageTitleTest -->
        <test-method is-config="true" signature="attachScreenshot(org.testng.ITestResult)[pri:0, instance:com.qa.opencart.tests.LoginPageTest@65e22def]" started-at="2026-04-05T12:23:59 IST" name="attachScreenshot" finished-at="2026-04-05T12:23:59 IST" duration-ms="1" status="PASS">
          <params>
            <param index="0">
              <value>
                <![CDATA[[TestResult name=loginPageTitleTest status=SUCCESS method=LoginPageTest.loginPageTitleTest()[pri:0, instance:com.qa.opencart.tests.LoginPageTest@65e22def] output={null}]]]>
              </value>
            </param>
          </params>
          <reporter-output>
          </reporter-output>
        </test-method> <!-- attachScreenshot -->
        <test-method signature="loginPageUrlTest()[pri:0, instance:com.qa.opencart.tests.LoginPageTest@65e22def]" started-at="2026-04-05T12:23:59 IST" name="loginPageUrlTest" description="checking url of login page" finished-at="2026-04-05T12:23:59 IST" duration-ms="75" status="PASS">
          <reporter-output>
          </reporter-output>
        </test-method> <!-- loginPageUrlTest -->
        <test-method is-config="true" signature="attachScreenshot(org.testng.ITestResult)[pri:0, instance:com.qa.opencart.tests.LoginPageTest@65e22def]" started-at="2026-04-05T12:23:59 IST" name="attachScreenshot" finished-at="2026-04-05T12:23:59 IST" duration-ms="1" status="PASS">
          <params>
            <param index="0">
              <value>
                <![CDATA[[TestResult name=loginPageUrlTest status=SUCCESS method=LoginPageTest.loginPageUrlTest()[pri:0, instance:com.qa.opencart.tests.LoginPageTest@65e22def] output={null}]]]>
              </value>
            </param>
          </params>
          <reporter-output>
          </reporter-output>
        </test-method> <!-- attachScreenshot -->
        <test-method signature="loginTest()[pri:32767, instance:com.qa.opencart.tests.LoginPageTest@65e22def]" started-at="2026-04-05T12:23:59 IST" name="loginTest" description="checking if user is able to login" finished-at="2026-04-05T12:24:13 IST" duration-ms="14648" status="PASS">
          <reporter-output>
          </reporter-output>
        </test-method> <!-- loginTest -->
        <test-method is-config="true" signature="attachScreenshot(org.testng.ITestResult)[pri:0, instance:com.qa.opencart.tests.LoginPageTest@65e22def]" started-at="2026-04-05T12:24:13 IST" name="attachScreenshot" finished-at="2026-04-05T12:24:13 IST" duration-ms="1" status="PASS">
          <params>
            <param index="0">
              <value>
                <![CDATA[[TestResult name=loginTest status=SUCCESS method=LoginPageTest.loginTest()[pri:32767, instance:com.qa.opencart.tests.LoginPageTest@65e22def] output={null}]]]>
              </value>
            </param>
          </params>
          <reporter-output>
          </reporter-output>
        </test-method> <!-- attachScreenshot -->
        <test-method is-config="true" signature="teardown()[pri:0, instance:com.qa.opencart.tests.LoginPageTest@65e22def]" started-at="2026-04-05T12:24:13 IST" name="teardown" finished-at="2026-04-05T12:24:13 IST" duration-ms="98" status="PASS">
          <reporter-output>
          </reporter-output>
        </test-method> <!-- teardown -->
      </class> <!-- com.qa.opencart.tests.LoginPageTest -->
    </test> <!-- Login Page Tests -->
    <test started-at="2026-04-05T12:23:50 IST" name="Search Page Tests" finished-at="2026-04-05T12:24:29 IST" duration-ms="39382">
      <class name="com.qa.opencart.tests.SearchTest">
        <test-method is-config="true" signature="Setup(java.lang.String)[pri:0, instance:com.qa.opencart.tests.SearchTest@1b0e9707]" started-at="2026-04-05T12:23:50 IST" name="Setup" finished-at="2026-04-05T12:23:59 IST" duration-ms="8828" status="PASS">
          <params>
            <param index="0">
              <value>
                <![CDATA[firefox]]>
              </value>
            </param>
          </params>
          <reporter-output>
          </reporter-output>
        </test-method> <!-- Setup -->
        <test-method is-config="true" signature="SearchSetup()[pri:0, instance:com.qa.opencart.tests.SearchTest@1b0e9707]" started-at="2026-04-05T12:23:59 IST" name="SearchSetup" finished-at="2026-04-05T12:24:03 IST" duration-ms="4152" status="PASS">
          <reporter-output>
          </reporter-output>
        </test-method> <!-- SearchSetup -->
        <test-method signature="searchTest1()[pri:1, instance:com.qa.opencart.tests.SearchTest@1b0e9707]" started-at="2026-04-05T12:24:03 IST" name="searchTest1" finished-at="2026-04-05T12:24:05 IST" duration-ms="2515" status="PASS">
          <reporter-output>
          </reporter-output>
        </test-method> <!-- searchTest1 -->
        <test-method is-config="true" signature="attachScreenshot(org.testng.ITestResult)[pri:0, instance:com.qa.opencart.tests.SearchTest@1b0e9707]" started-at="2026-04-05T12:24:05 IST" name="attachScreenshot" finished-at="2026-04-05T12:24:05 IST" duration-ms="0" status="PASS">
          <params>
            <param index="0">
              <value>
                <![CDATA[[TestResult name=searchTest1 status=SUCCESS method=SearchTest.searchTest1()[pri:1, instance:com.qa.opencart.tests.SearchTest@1b0e9707] output={null}]]]>
              </value>
            </param>
          </params>
          <reporter-output>
          </reporter-output>
        </test-method> <!-- attachScreenshot -->
        <test-method signature="searchTest2()[pri:2, instance:com.qa.opencart.tests.SearchTest@1b0e9707]" started-at="2026-04-05T12:24:05 IST" name="searchTest2" finished-at="2026-04-05T12:24:28 IST" duration-ms="22861" status="PASS">
          <reporter-output>
          </reporter-output>
        </test-method> <!-- searchTest2 -->
        <test-method is-config="true" signature="attachScreenshot(org.testng.ITestResult)[pri:0, instance:com.qa.opencart.tests.SearchTest@1b0e9707]" started-at="2026-04-05T12:24:28 IST" name="attachScreenshot" finished-at="2026-04-05T12:24:28 IST" duration-ms="1" status="PASS">
          <params>
            <param index="0">
              <value>
                <![CDATA[[TestResult name=searchTest2 status=SUCCESS method=SearchTest.searchTest2()[pri:2, instance:com.qa.opencart.tests.SearchTest@1b0e9707] output={null}]]]>
              </value>
            </param>
          </params>
          <reporter-output>
          </reporter-output>
        </test-method> <!-- attachScreenshot -->
        <test-method is-config="true" signature="teardown()[pri:0, instance:com.qa.opencart.tests.SearchTest@1b0e9707]" started-at="2026-04-05T12:24:28 IST" name="teardown" finished-at="2026-04-05T12:24:29 IST" duration-ms="969" status="PASS">
          <reporter-output>
          </reporter-output>
        </test-method> <!-- teardown -->
      </class> <!-- com.qa.opencart.tests.SearchTest -->
    </test> <!-- Search Page Tests -->
    <test started-at="2026-04-05T12:23:50 IST" name="Product Page Tests" finished-at="2026-04-05T12:24:51 IST" duration-ms="60874">
      <class name="com.qa.opencart.tests.ProductInfoPageTest">
        <test-method is-config="true" signature="Setup(java.lang.String)[pri:0, instance:com.qa.opencart.tests.ProductInfoPageTest@2703d91]" started-at="2026-04-05T12:23:50 IST" name="Setup" finished-at="2026-04-05T12:23:57 IST" duration-ms="7123" status="PASS">
          <params>
            <param index="0">
              <value>
                <![CDATA[chrome]]>
              </value>
            </param>
          </params>
          <reporter-output>
          </reporter-output>
        </test-method> <!-- Setup -->
        <test-method is-config="true" signature="productInfoSetup()[pri:0, instance:com.qa.opencart.tests.ProductInfoPageTest@2703d91]" started-at="2026-04-05T12:23:57 IST" name="productInfoSetup" finished-at="2026-04-05T12:24:02 IST" duration-ms="4944" status="PASS">
          <reporter-output>
          </reporter-output>
        </test-method> <!-- productInfoSetup -->
        <test-method signature="productDetailsTest()[pri:0, instance:com.qa.opencart.tests.ProductInfoPageTest@2703d91]" started-at="2026-04-05T12:24:02 IST" name="productDetailsTest" finished-at="2026-04-05T12:24:07 IST" duration-ms="5226" status="PASS">
          <reporter-output>
          </reporter-output>
        </test-method> <!-- productDetailsTest -->
        <test-method is-config="true" signature="attachScreenshot(org.testng.ITestResult)[pri:0, instance:com.qa.opencart.tests.ProductInfoPageTest@2703d91]" started-at="2026-04-05T12:24:07 IST" name="attachScreenshot" finished-at="2026-04-05T12:24:07 IST" duration-ms="2" status="PASS">
          <params>
            <param index="0">
              <value>
                <![CDATA[[TestResult name=productDetailsTest status=SUCCESS method=ProductInfoPageTest.productDetailsTest()[pri:0, instance:com.qa.opencart.tests.ProductInfoPageTest@2703d91] output={null}]]]>
              </value>
            </param>
          </params>
          <reporter-output>
          </reporter-output>
        </test-method> <!-- attachScreenshot -->
        <test-method signature="productHeaderTest(java.lang.String,java.lang.String)[pri:0, instance:com.qa.opencart.tests.ProductInfoPageTest@2703d91]" started-at="2026-04-05T12:24:07 IST" name="productHeaderTest" data-provider="getProductTestData" finished-at="2026-04-05T12:24:12 IST" duration-ms="4611" status="PASS">
          <params>
            <param index="0">
              <value>
                <![CDATA[macbook]]>
              </value>
            </param>
            <param index="1">
              <value>
                <![CDATA[MacBook Pro]]>
              </value>
            </param>
          </params>
          <reporter-output>
          </reporter-output>
        </test-method> <!-- productHeaderTest -->
        <test-method is-config="true" signature="attachScreenshot(org.testng.ITestResult)[pri:0, instance:com.qa.opencart.tests.ProductInfoPageTest@2703d91]" started-at="2026-04-05T12:24:12 IST" name="attachScreenshot" finished-at="2026-04-05T12:24:12 IST" duration-ms="1" status="PASS">
          <params>
            <param index="0">
              <value>
                <![CDATA[[TestResult name=productHeaderTest status=SUCCESS method=ProductInfoPageTest.productHeaderTest(java.lang.String,java.lang.String)[pri:0, instance:com.qa.opencart.tests.ProductInfoPageTest@2703d91] output={null}]]]>
              </value>
            </param>
          </params>
          <reporter-output>
          </reporter-output>
        </test-method> <!-- attachScreenshot -->
        <test-method signature="productHeaderTest(java.lang.String,java.lang.String)[pri:0, instance:com.qa.opencart.tests.ProductInfoPageTest@2703d91]" started-at="2026-04-05T12:24:12 IST" name="productHeaderTest" data-provider="getProductTestData" finished-at="2026-04-05T12:24:16 IST" duration-ms="4286" status="PASS">
          <params>
            <param index="0">
              <value>
                <![CDATA[macbook]]>
              </value>
            </param>
            <param index="1">
              <value>
                <![CDATA[MacBook Air]]>
              </value>
            </param>
          </params>
          <reporter-output>
          </reporter-output>
        </test-method> <!-- productHeaderTest -->
        <test-method is-config="true" signature="attachScreenshot(org.testng.ITestResult)[pri:0, instance:com.qa.opencart.tests.ProductInfoPageTest@2703d91]" started-at="2026-04-05T12:24:16 IST" name="attachScreenshot" finished-at="2026-04-05T12:24:16 IST" duration-ms="1" status="PASS">
          <params>
            <param index="0">
              <value>
                <![CDATA[[TestResult name=productHeaderTest status=SUCCESS method=ProductInfoPageTest.productHeaderTest(java.lang.String,java.lang.String)[pri:0, instance:com.qa.opencart.tests.ProductInfoPageTest@2703d91] output={null}]]]>
              </value>
            </param>
          </params>
          <reporter-output>
          </reporter-output>
        </test-method> <!-- attachScreenshot -->
        <test-method signature="productHeaderTest(java.lang.String,java.lang.String)[pri:0, instance:com.qa.opencart.tests.ProductInfoPageTest@2703d91]" started-at="2026-04-05T12:24:16 IST" name="productHeaderTest" data-provider="getProductTestData" finished-at="2026-04-05T12:24:21 IST" duration-ms="4517" status="PASS">
          <params>
            <param index="0">
              <value>
                <![CDATA[imac]]>
              </value>
            </param>
            <param index="1">
              <value>
                <![CDATA[iMac]]>
              </value>
            </param>
          </params>
          <reporter-output>
          </reporter-output>
        </test-method> <!-- productHeaderTest -->
        <test-method is-config="true" signature="attachScreenshot(org.testng.ITestResult)[pri:0, instance:com.qa.opencart.tests.ProductInfoPageTest@2703d91]" started-at="2026-04-05T12:24:21 IST" name="attachScreenshot" finished-at="2026-04-05T12:24:21 IST" duration-ms="0" status="PASS">
          <params>
            <param index="0">
              <value>
                <![CDATA[[TestResult name=productHeaderTest status=SUCCESS method=ProductInfoPageTest.productHeaderTest(java.lang.String,java.lang.String)[pri:0, instance:com.qa.opencart.tests.ProductInfoPageTest@2703d91] output={null}]]]>
              </value>
            </param>
          </params>
          <reporter-output>
          </reporter-output>
        </test-method> <!-- attachScreenshot -->
        <test-method signature="productHeaderTest(java.lang.String,java.lang.String)[pri:0, instance:com.qa.opencart.tests.ProductInfoPageTest@2703d91]" started-at="2026-04-05T12:24:21 IST" name="productHeaderTest" data-provider="getProductTestData" finished-at="2026-04-05T12:24:25 IST" duration-ms="4468" status="PASS">
          <params>
            <param index="0">
              <value>
                <![CDATA[samsung]]>
              </value>
            </param>
            <param index="1">
              <value>
                <![CDATA[Samsung SyncMaster 941BW]]>
              </value>
            </param>
          </params>
          <reporter-output>
          </reporter-output>
        </test-method> <!-- productHeaderTest -->
        <test-method is-config="true" signature="attachScreenshot(org.testng.ITestResult)[pri:0, instance:com.qa.opencart.tests.ProductInfoPageTest@2703d91]" started-at="2026-04-05T12:24:25 IST" name="attachScreenshot" finished-at="2026-04-05T12:24:25 IST" duration-ms="1" status="PASS">
          <params>
            <param index="0">
              <value>
                <![CDATA[[TestResult name=productHeaderTest status=SUCCESS method=ProductInfoPageTest.productHeaderTest(java.lang.String,java.lang.String)[pri:0, instance:com.qa.opencart.tests.ProductInfoPageTest@2703d91] output={null}]]]>
              </value>
            </param>
          </params>
          <reporter-output>
          </reporter-output>
        </test-method> <!-- attachScreenshot -->
        <test-method signature="productHeaderTest(java.lang.String,java.lang.String)[pri:0, instance:com.qa.opencart.tests.ProductInfoPageTest@2703d91]" started-at="2026-04-05T12:24:25 IST" name="productHeaderTest" data-provider="getProductTestData" finished-at="2026-04-05T12:24:29 IST" duration-ms="4316" status="PASS">
          <params>
            <param index="0">
              <value>
                <![CDATA[samsung]]>
              </value>
            </param>
            <param index="1">
              <value>
                <![CDATA[Samsung Galaxy Tab 10.1]]>
              </value>
            </param>
          </params>
          <reporter-output>
          </reporter-output>
        </test-method> <!-- productHeaderTest -->
        <test-method is-config="true" signature="attachScreenshot(org.testng.ITestResult)[pri:0, instance:com.qa.opencart.tests.ProductInfoPageTest@2703d91]" started-at="2026-04-05T12:24:29 IST" name="attachScreenshot" finished-at="2026-04-05T12:24:29 IST" duration-ms="1" status="PASS">
          <params>
            <param index="0">
              <value>
                <![CDATA[[TestResult name=productHeaderTest status=SUCCESS method=ProductInfoPageTest.productHeaderTest(java.lang.String,java.lang.String)[pri:0, instance:com.qa.opencart.tests.ProductInfoPageTest@2703d91] output={null}]]]>
              </value>
            </param>
          </params>
          <reporter-output>
          </reporter-output>
        </test-method> <!-- attachScreenshot -->
        <test-method signature="productImagesCountTest(java.lang.String,java.lang.String,java.lang.String)[pri:0, instance:com.qa.opencart.tests.ProductInfoPageTest@2703d91]" started-at="2026-04-05T12:24:32 IST" name="productImagesCountTest" data-provider="getProductInfoData" finished-at="2026-04-05T12:24:36 IST" duration-ms="3736" status="PASS">
          <params>
            <param index="0">
              <value>
                <![CDATA[macbook]]>
              </value>
            </param>
            <param index="1">
              <value>
                <![CDATA[MacBook Pro]]>
              </value>
            </param>
            <param index="2">
              <value>
                <![CDATA[4]]>
              </value>
            </param>
          </params>
          <reporter-output>
          </reporter-output>
        </test-method> <!-- productImagesCountTest -->
        <test-method is-config="true" signature="attachScreenshot(org.testng.ITestResult)[pri:0, instance:com.qa.opencart.tests.ProductInfoPageTest@2703d91]" started-at="2026-04-05T12:24:36 IST" name="attachScreenshot" finished-at="2026-04-05T12:24:36 IST" duration-ms="0" status="PASS">
          <params>
            <param index="0">
              <value>
                <![CDATA[[TestResult name=productImagesCountTest status=SUCCESS method=ProductInfoPageTest.productImagesCountTest(java.lang.String,java.lang.String,java.lang.String)[pri:0, instance:com.qa.opencart.tests.ProductInfoPageTest@2703d91] output={null}]]]>
              </value>
            </param>
          </params>
          <reporter-output>
          </reporter-output>
        </test-method> <!-- attachScreenshot -->
        <test-method signature="productImagesCountTest(java.lang.String,java.lang.String,java.lang.String)[pri:0, instance:com.qa.opencart.tests.ProductInfoPageTest@2703d91]" started-at="2026-04-05T12:24:36 IST" name="productImagesCountTest" data-provider="getProductInfoData" finished-at="2026-04-05T12:24:39 IST" duration-ms="3739" status="PASS">
          <params>
            <param index="0">
              <value>
                <![CDATA[macbook]]>
              </value>
            </param>
            <param index="1">
              <value>
                <![CDATA[MacBook Air]]>
              </value>
            </param>
            <param index="2">
              <value>
                <![CDATA[4]]>
              </value>
            </param>
          </params>
          <reporter-output>
          </reporter-output>
        </test-method> <!-- productImagesCountTest -->
        <test-method is-config="true" signature="attachScreenshot(org.testng.ITestResult)[pri:0, instance:com.qa.opencart.tests.ProductInfoPageTest@2703d91]" started-at="2026-04-05T12:24:39 IST" name="attachScreenshot" finished-at="2026-04-05T12:24:39 IST" duration-ms="1" status="PASS">
          <params>
            <param index="0">
              <value>
                <![CDATA[[TestResult name=productImagesCountTest status=SUCCESS method=ProductInfoPageTest.productImagesCountTest(java.lang.String,java.lang.String,java.lang.String)[pri:0, instance:com.qa.opencart.tests.ProductInfoPageTest@2703d91] output={null}]]]>
              </value>
            </param>
          </params>
          <reporter-output>
          </reporter-output>
        </test-method> <!-- attachScreenshot -->
        <test-method signature="productImagesCountTest(java.lang.String,java.lang.String,java.lang.String)[pri:0, instance:com.qa.opencart.tests.ProductInfoPageTest@2703d91]" started-at="2026-04-05T12:24:39 IST" name="productImagesCountTest" data-provider="getProductInfoData" finished-at="2026-04-05T12:24:43 IST" duration-ms="3698" status="PASS">
          <params>
            <param index="0">
              <value>
                <![CDATA[imac]]>
              </value>
            </param>
            <param index="1">
              <value>
                <![CDATA[iMac]]>
              </value>
            </param>
            <param index="2">
              <value>
                <![CDATA[3]]>
              </value>
            </param>
          </params>
          <reporter-output>
          </reporter-output>
        </test-method> <!-- productImagesCountTest -->
        <test-method is-config="true" signature="attachScreenshot(org.testng.ITestResult)[pri:0, instance:com.qa.opencart.tests.ProductInfoPageTest@2703d91]" started-at="2026-04-05T12:24:43 IST" name="attachScreenshot" finished-at="2026-04-05T12:24:43 IST" duration-ms="2" status="PASS">
          <params>
            <param index="0">
              <value>
                <![CDATA[[TestResult name=productImagesCountTest status=SUCCESS method=ProductInfoPageTest.productImagesCountTest(java.lang.String,java.lang.String,java.lang.String)[pri:0, instance:com.qa.opencart.tests.ProductInfoPageTest@2703d91] output={null}]]]>
              </value>
            </param>
          </params>
          <reporter-output>
          </reporter-output>
        </test-method> <!-- attachScreenshot -->
        <test-method signature="productImagesCountTest(java.lang.String,java.lang.String,java.lang.String)[pri:0, instance:com.qa.opencart.tests.ProductInfoPageTest@2703d91]" started-at="2026-04-05T12:24:43 IST" name="productImagesCountTest" data-provider="getProductInfoData" finished-at="2026-04-05T12:24:47 IST" duration-ms="3733" status="PASS">
          <params>
            <param index="0">
              <value>
                <![CDATA[samsung]]>
              </value>
            </param>
            <param index="1">
              <value>
                <![CDATA[Samsung SyncMaster 941BW]]>
              </value>
            </param>
            <param index="2">
              <value>
                <![CDATA[1]]>
              </value>
            </param>
          </params>
          <reporter-output>
          </reporter-output>
        </test-method> <!-- productImagesCountTest -->
        <test-method is-config="true" signature="attachScreenshot(org.testng.ITestResult)[pri:0, instance:com.qa.opencart.tests.ProductInfoPageTest@2703d91]" started-at="2026-04-05T12:24:47 IST" name="attachScreenshot" finished-at="2026-04-05T12:24:47 IST" duration-ms="1" status="PASS">
          <params>
            <param index="0">
              <value>
                <![CDATA[[TestResult name=productImagesCountTest status=SUCCESS method=ProductInfoPageTest.productImagesCountTest(java.lang.String,java.lang.String,java.lang.String)[pri:0, instance:com.qa.opencart.tests.ProductInfoPageTest@2703d91] output={null}]]]>
              </value>
            </param>
          </params>
          <reporter-output>
          </reporter-output>
        </test-method> <!-- attachScreenshot -->
        <test-method signature="productImagesCountTest(java.lang.String,java.lang.String,java.lang.String)[pri:0, instance:com.qa.opencart.tests.ProductInfoPageTest@2703d91]" started-at="2026-04-05T12:24:47 IST" name="productImagesCountTest" data-provider="getProductInfoData" finished-at="2026-04-05T12:24:51 IST" duration-ms="3828" status="PASS">
          <params>
            <param index="0">
              <value>
                <![CDATA[samsung]]>
              </value>
            </param>
            <param index="1">
              <value>
                <![CDATA[Samsung Galaxy Tab 10.1]]>
              </value>
            </param>
            <param index="2">
              <value>
                <![CDATA[7]]>
              </value>
            </param>
          </params>
          <reporter-output>
          </reporter-output>
        </test-method> <!-- productImagesCountTest -->
        <test-method is-config="true" signature="attachScreenshot(org.testng.ITestResult)[pri:0, instance:com.qa.opencart.tests.ProductInfoPageTest@2703d91]" started-at="2026-04-05T12:24:51 IST" name="attachScreenshot" finished-at="2026-04-05T12:24:51 IST" duration-ms="0" status="PASS">
          <params>
            <param index="0">
              <value>
                <![CDATA[[TestResult name=productImagesCountTest status=SUCCESS method=ProductInfoPageTest.productImagesCountTest(java.lang.String,java.lang.String,java.lang.String)[pri:0, instance:com.qa.opencart.tests.ProductInfoPageTest@2703d91] output={null}]]]>
              </value>
            </param>
          </params>
          <reporter-output>
          </reporter-output>
        </test-method> <!-- attachScreenshot -->
        <test-method is-config="true" signature="teardown()[pri:0, instance:com.qa.opencart.tests.ProductInfoPageTest@2703d91]" started-at="2026-04-05T12:24:51 IST" name="teardown" finished-at="2026-04-05T12:24:51 IST" duration-ms="94" status="PASS">
          <reporter-output>
          </reporter-output>
        </test-method> <!-- teardown -->
      </class> <!-- com.qa.opencart.tests.ProductInfoPageTest -->
    </test> <!-- Product Page Tests -->
  </suite> <!-- OpenCart Regression Suite -->
</testng-results>
