<?xml version="1.0" encoding="UTF-8"?>
<!-- Generated by org.testng.reporters.JUnitReportReporter -->
<testsuite hostname="LAPTOP-USCOASC3" failures="0" tests="4" name="com.qa.opencart.tests.LoginPageTest" time="15.978" errors="0" timestamp="2026-04-05T12:24:51 IST" skipped="0">
  <testcase classname="com.qa.opencart.tests.LoginPageTest" name="isForgotPasswordExistsTest" time="1.170"/>
  <testcase classname="com.qa.opencart.tests.LoginPageTest" name="loginPageTitleTest" time="0.083"/>
  <testcase classname="com.qa.opencart.tests.LoginPageTest" name="loginPageUrlTest" time="0.076"/>
  <testcase classname="com.qa.opencart.tests.LoginPageTest" name="loginTest" time="14.649"/>
</testsuite> <!-- com.qa.opencart.tests.LoginPageTest -->
