<?xml version="1.0" encoding="UTF-8"?>
<!-- Generated by org.testng.reporters.JUnitReportReporter -->
<testsuite hostname="LAPTOP-USCOASC3" failures="0" tests="3" name="com.qa.opencart.tests.AccountPageTest" time="0.316" errors="0" timestamp="2026-04-05T12:24:51 IST" skipped="1">
  <testcase classname="com.qa.opencart.tests.AccountPageTest" name="VerifyaccountPageHeaders" time="0.260"/>
  <testcase classname="com.qa.opencart.tests.AccountPageTest" name="accountPageTitleTest" time="0.056"/>
  <testcase classname="com.qa.opencart.tests.AccountPageTest" name="accountPageUrlTest">
    <skipped/>
  </testcase> <!-- accountPageUrlTest -->
</testsuite> <!-- com.qa.opencart.tests.AccountPageTest -->
