<?xml version="1.0" encoding="UTF-8"?>
<!-- Generated by org.testng.reporters.JUnitReportReporter -->
<testsuite hostname="LAPTOP-USCOASC3" failures="0" tests="2" name="com.qa.opencart.tests.SearchTest" time="24.795" errors="0" timestamp="2026-03-27T17:15:18 IST" skipped="0">
  <testcase classname="com.qa.opencart.tests.SearchTest" name="searchTest1" time="2.511"/>
  <testcase classname="com.qa.opencart.tests.SearchTest" name="searchTest2" time="22.284"/>
</testsuite> <!-- com.qa.opencart.tests.SearchTest -->
