<?xml version="1.0" encoding="UTF-8"?>
<!-- Generated by org.testng.reporters.JUnitReportReporter -->
<testsuite hostname="LAPTOP-USCOASC3" failures="0" tests="11" name="com.qa.opencart.tests.ProductInfoPageTest" time="40.285" errors="0" timestamp="2026-03-27T17:15:18 IST" skipped="0">
  <testcase classname="com.qa.opencart.tests.ProductInfoPageTest" name="productHeaderTest" time="4.214"/>
  <testcase classname="com.qa.opencart.tests.ProductInfoPageTest" name="productHeaderTest" time="3.970"/>
  <testcase classname="com.qa.opencart.tests.ProductInfoPageTest" name="productHeaderTest" time="4.257"/>
  <testcase classname="com.qa.opencart.tests.ProductInfoPageTest" name="productDetailsTest" time="5.588"/>
  <testcase classname="com.qa.opencart.tests.ProductInfoPageTest" name="productHeaderTest" time="4.212"/>
  <testcase classname="com.qa.opencart.tests.ProductInfoPageTest" name="productImagesCountTest" time="2.685"/>
  <testcase classname="com.qa.opencart.tests.ProductInfoPageTest" name="productHeaderTest" time="4.376"/>
  <testcase classname="com.qa.opencart.tests.ProductInfoPageTest" name="productImagesCountTest" time="2.918"/>
  <testcase classname="com.qa.opencart.tests.ProductInfoPageTest" name="productImagesCountTest" time="2.734"/>
  <testcase classname="com.qa.opencart.tests.ProductInfoPageTest" name="productImagesCountTest" time="2.726"/>
  <testcase classname="com.qa.opencart.tests.ProductInfoPageTest" name="productImagesCountTest" time="2.605"/>
</testsuite> <!-- com.qa.opencart.tests.ProductInfoPageTest -->
