<?xml version="1.0" encoding="UTF-8"?>
<!-- Generated by org.testng.reporters.JUnitReportReporter -->
<testsuite hostname="LAPTOP-USCOASC3" failures="0" tests="2" name="com.qa.opencart.tests.SearchTest" time="25.173" errors="0" timestamp="2026-04-05T12:48:41 IST" skipped="0">
  <testcase classname="com.qa.opencart.tests.SearchTest" name="searchTest1" time="2.437"/>
  <testcase classname="com.qa.opencart.tests.SearchTest" name="searchTest2" time="22.736"/>
</testsuite> <!-- com.qa.opencart.tests.SearchTest -->
