<?xml version="1.0" encoding="UTF-8"?>
<!-- Generated by org.testng.reporters.JUnitXMLReporter -->
<testsuite ignored="1" hostname="LAPTOP-USCOASC3" failures="0" tests="2" name="Account Page Tests" time="14.332" errors="0" timestamp="2026-04-05T12:24:04 IST">
  <testcase classname="com.qa.opencart.tests.AccountPageTest" name="VerifyaccountPageHeaders" time="0.259"/>
  <testcase classname="com.qa.opencart.tests.AccountPageTest" name="accountPageTitleTest" time="0.054"/>
  <testcase classname="com.qa.opencart.tests.AccountPageTest" name="accountPageUrlTest" time="0.0">
    <ignored/>
  </testcase> <!-- accountPageUrlTest -->
</testsuite> <!-- Account Page Tests -->
