<?xml version="1.0" encoding="UTF-8"?>
<!-- Generated by org.testng.reporters.JUnitXMLReporter -->
<testsuite ignored="0" hostname="LAPTOP-USCOASC3" failures="0" tests="4" name="Login Page Tests" time="23.579" errors="0" timestamp="2026-04-05T12:24:13 IST">
  <testcase classname="com.qa.opencart.tests.LoginPageTest" name="isForgotPasswordExistsTest" time="1.167"/>
  <testcase classname="com.qa.opencart.tests.LoginPageTest" name="loginPageTitleTest" time="0.082"/>
  <testcase classname="com.qa.opencart.tests.LoginPageTest" name="loginPageUrlTest" time="0.075"/>
  <testcase classname="com.qa.opencart.tests.LoginPageTest" name="loginTest" time="14.648"/>
</testsuite> <!-- Login Page Tests -->
